<?xml version="1.0" encoding="UTF-8"?>
<coverage generated="1667794995639" clover="3.2.0">
  <project timestamp="1667794995639" name="All files">
    <metrics statements="16" coveredstatements="14" conditionals="8" coveredconditionals="6" methods="8" coveredmethods="8" elements="32" coveredelements="28" complexity="0" loc="16" ncloc="16" packages="1" files="2" classes="2"/>
    <file name="calculator.mjs" path="C:\Users\kidni\Desktop\jest\calculator.mjs">
      <metrics statements="12" coveredstatements="10" conditionals="6" coveredconditionals="4" methods="5" coveredmethods="5"/>
      <line num="4" count="1" type="stmt"/>
      <line num="8" count="1" type="stmt"/>
      <line num="12" count="1" type="stmt"/>
      <line num="16" count="1" type="cond" truecount="1" falsecount="1"/>
      <line num="17" count="0" type="stmt"/>
      <line num="19" count="1" type="stmt"/>
      <line num="24" count="2" type="cond" truecount="1" falsecount="1"/>
      <line num="25" count="0" type="stmt"/>
      <line num="27" count="2" type="stmt"/>
      <line num="28" count="4" type="cond" truecount="2" falsecount="0"/>
      <line num="29" count="1" type="stmt"/>
      <line num="32" count="1" type="stmt"/>
    </file>
    <file name="palindrome.mjs" path="C:\Users\kidni\Desktop\jest\palindrome.mjs">
      <metrics statements="4" coveredstatements="4" conditionals="2" coveredconditionals="2" methods="3" coveredmethods="3"/>
      <line num="4" count="1" type="stmt"/>
      <line num="8" count="2" type="cond" truecount="2" falsecount="0"/>
      <line num="9" count="1" type="stmt"/>
      <line num="13" count="1" type="stmt"/>
    </file>
  </project>
</coverage>
