<?xml version="1.0" encoding="UTF-8"?>
<coverage generated="1685539648806" clover="3.2.0">
  <project timestamp="1685539648806" name="All files">
    <metrics statements="23" coveredstatements="15" conditionals="14" coveredconditionals="8" methods="8" coveredmethods="7" elements="45" coveredelements="30" complexity="0" loc="23" ncloc="23" packages="1" files="2" classes="2"/>
    <file name="advancedCalculator.js" path="/home/yoni/Desktop/jest/src/advancedCalculator.js">
      <metrics statements="14" coveredstatements="6" conditionals="8" coveredconditionals="2" methods="4" coveredmethods="3"/>
      <line num="4" count="2" type="stmt"/>
      <line num="9" count="1" type="cond" truecount="1" falsecount="1"/>
      <line num="10" count="0" type="stmt"/>
      <line num="12" count="1" type="stmt"/>
      <line num="17" count="3" type="cond" truecount="1" falsecount="1"/>
      <line num="18" count="3" type="stmt"/>
      <line num="20" count="0" type="stmt"/>
      <line num="25" count="0" type="cond" truecount="0" falsecount="2"/>
      <line num="26" count="0" type="stmt"/>
      <line num="28" count="0" type="stmt"/>
      <line num="29" count="0" type="cond" truecount="0" falsecount="2"/>
      <line num="30" count="0" type="stmt"/>
      <line num="33" count="0" type="stmt"/>
      <line num="37" count="1" type="stmt"/>
    </file>
    <file name="calculator.js" path="/home/yoni/Desktop/jest/src/calculator.js">
      <metrics statements="9" coveredstatements="9" conditionals="6" coveredconditionals="6" methods="4" coveredmethods="4"/>
      <line num="3" count="2" type="cond" truecount="4" falsecount="0"/>
      <line num="4" count="1" type="stmt"/>
      <line num="6" count="1" type="stmt"/>
      <line num="10" count="1" type="stmt"/>
      <line num="14" count="1" type="stmt"/>
      <line num="18" count="2" type="cond" truecount="2" falsecount="0"/>
      <line num="19" count="1" type="stmt"/>
      <line num="21" count="1" type="stmt"/>
      <line num="25" count="1" type="stmt"/>
    </file>
  </project>
</coverage>
