TN:
SF:calculator.mjs
FN:3,(anonymous_0)
FN:7,(anonymous_1)
FN:11,(anonymous_2)
FN:15,(anonymous_3)
FN:23,(anonymous_4)
FNF:5
FNH:5
FNDA:1,(anonymous_0)
FNDA:1,(anonymous_1)
FNDA:1,(anonymous_2)
FNDA:1,(anonymous_3)
FNDA:2,(anonymous_4)
DA:4,1
DA:8,1
DA:12,1
DA:16,1
DA:17,0
DA:19,1
DA:24,2
DA:25,0
DA:27,2
DA:28,4
DA:29,1
DA:32,1
LF:12
LH:10
BRDA:16,0,0,0
BRDA:16,0,1,1
BRDA:24,1,0,0
BRDA:24,1,1,2
BRDA:28,2,0,1
BRDA:28,2,1,3
BRF:6
BRH:4
end_of_record
TN:
SF:palindrome.mjs
FN:3,(anonymous_0)
FN:7,(anonymous_1)
FN:12,(anonymous_2)
FNF:3
FNH:3
FNDA:1,(anonymous_0)
FNDA:2,(anonymous_1)
FNDA:1,(anonymous_2)
DA:4,1
DA:8,2
DA:9,1
DA:13,1
LF:4
LH:4
BRDA:8,0,0,1
BRDA:8,0,1,1
BRF:2
BRH:2
end_of_record
